<?xml version="1.0" encoding="UTF-8"?>
<!-- Generated by org.testng.reporters.JUnitReportReporter -->
<testsuite hostname="user-PC" name="module_combine.Verify_Mails_with_Reports" tests="1" failures="0" timestamp="3 May 2018 09:36:25 GMT" time="240.192" errors="0">
  <testcase name="verify_Outlook_login" time="240.192" classname="module_combine.Verify_Mails_with_Reports"/>
</testsuite> <!-- module_combine.Verify_Mails_with_Reports -->
