<?xml version="1.0" encoding="UTF-8"?>
<!-- Generated by org.testng.reporters.JUnitReportReporter -->
<testsuite hostname="user-PC" name="module_combine.Verify_Mails_with_Reports" tests="1" failures="0" timestamp="26 Apr 2018 11:38:39 GMT" time="228.402" errors="0">
  <testcase name="verify_Outlook_login" time="228.402" classname="module_combine.Verify_Mails_with_Reports"/>
</testsuite> <!-- module_combine.Verify_Mails_with_Reports -->
