<?xml version="1.0" encoding="UTF-8"?>
<!-- Generated by org.testng.reporters.JUnitReportReporter -->
<testsuite hostname="user-PC" name="module_combine.Social_addaccoounts" tests="1" failures="0" timestamp="26 Apr 2018 11:38:39 GMT" time="196.104" errors="0">
  <testcase name="socialsynctag" time="196.104" classname="module_combine.Social_addaccoounts"/>
</testsuite> <!-- module_combine.Social_addaccoounts -->
