<?xml version="1.0" encoding="UTF-8"?>
<!-- Generated by org.testng.reporters.JUnitReportReporter -->
<testsuite hostname="user-PC" name="testcase_After_account_added.Social_addaccoounts" tests="1" failures="0" timestamp="22 May 2018 12:22:44 GMT" time="147.061" errors="0">
  <testcase name="socialsynctag" time="147.061" classname="testcase_After_account_added.Social_addaccoounts"/>
</testsuite> <!-- testcase_After_account_added.Social_addaccoounts -->
