<?xml version="1.0" encoding="UTF-8"?>
<!-- Generated by org.testng.reporters.JUnitReportReporter -->
<testsuite skipped="0" hostname="user-PC" name="testcase_media.Verify_Media_with_Reports" tests="7" failures="0" timestamp="03 Oct 2018 07:35:03 GMT" time="62.486" errors="0">
  <testcase name="verify_Media_account" time="25.110" classname="testcase_media.Verify_Media_with_Reports"/>
  <testcase name="Moving_Media_module" time="23.297" classname="testcase_media.Verify_Media_with_Reports"/>
  <testcase name="add_youtube_account" time="13.286" classname="testcase_media.Verify_Media_with_Reports"/>
  <testcase name="add_dailymotions_account" time="0.332" classname="testcase_media.Verify_Media_with_Reports"/>
  <testcase name="add_vime0_account" time="0.385" classname="testcase_media.Verify_Media_with_Reports"/>
  <testcase name="UserHomeFeeds_account" time="0.055" classname="testcase_media.Verify_Media_with_Reports"/>
  <testcase name="Favourite_Feeds" time="0.021" classname="testcase_media.Verify_Media_with_Reports"/>
</testsuite> <!-- testcase_media.Verify_Media_with_Reports -->
