<?xml version="1.0" encoding="UTF-8"?>
<!-- Generated by org.testng.reporters.JUnitReportReporter -->
<testsuite hostname="user-PC" name="testcase_media.Verify_Mails_with_Reports" tests="1" failures="0" timestamp="26 Mar 2018 09:31:09 GMT" time="72.355" errors="0">
  <testcase name="verify_Outlook_login" time="72.355" classname="testcase_media.Verify_Mails_with_Reports"/>
</testsuite> <!-- testcase_media.Verify_Mails_with_Reports -->
