<?xml version="1.0" encoding="UTF-8"?>
<!-- Generated by org.testng.reporters.JUnitReportReporter -->
<testsuite hostname="user-PC" name="testcases_mail.Verify_Mails_with_Reports" tests="1" failures="0" timestamp="25 Apr 2018 11:57:54 GMT" time="224.474" errors="0">
  <testcase name="verify_Outlook_login" time="224.474" classname="testcases_mail.Verify_Mails_with_Reports"/>
</testsuite> <!-- testcases_mail.Verify_Mails_with_Reports -->
