<?xml version="1.0" encoding="UTF-8"?>
<!-- Generated by org.testng.reporters.JUnitReportReporter -->
<testsuite hostname="user-PC" name="testcases.VerifyOutlookAccount" tests="1" failures="0" timestamp="6 Feb 2018 09:52:50 GMT" time="177.499" errors="0">
  <testcase name="verifylogin" time="177.499" classname="testcases.VerifyOutlookAccount"/>
</testsuite> <!-- testcases.VerifyOutlookAccount -->
