<?xml version="1.0" encoding="UTF-8"?>
<!-- Generated by org.testng.reporters.JUnitReportReporter -->
<testsuite skipped="0" hostname="user-PC" name="testcase_After_account_added.Social_after_added_Accounts" tests="5" failures="0" timestamp="07 Aug 2018 17:58:46 GMT" time="235.327" errors="0">
  <testcase name="logintosynctag" time="57.923" classname="testcase_After_account_added.Social_after_added_Accounts"/>
  <testcase name="queue" time="89.044" classname="testcase_After_account_added.Social_after_added_Accounts"/>
  <testcase name="mentions" time="29.015" classname="testcase_After_account_added.Social_after_added_Accounts"/>
  <testcase name="xlporer" time="20.911" classname="testcase_After_account_added.Social_after_added_Accounts"/>
  <testcase name="archive" time="38.434" classname="testcase_After_account_added.Social_after_added_Accounts"/>
</testsuite> <!-- testcase_After_account_added.Social_after_added_Accounts -->
