<?xml version="1.0" encoding="UTF-8"?>
<!-- Generated by org.testng.reporters.JUnitReportReporter -->
<testsuite hostname="user-PC" name="testcase_After_account_added.Social_after_added_Accounts" tests="1" failures="0" timestamp="19 Jul 2018 06:20:48 GMT" time="612.787" errors="0">
  <testcase name="socialsynctag" time="612.787" classname="testcase_After_account_added.Social_after_added_Accounts"/>
</testsuite> <!-- testcase_After_account_added.Social_after_added_Accounts -->
