<?xml version="1.0" encoding="UTF-8"?>
<!-- Generated by org.testng.reporters.JUnitReportReporter -->
<testsuite hostname="user-PC" name="testcases.VerifyOutlook_And_Others_Account" tests="1" failures="0" timestamp="16 Mar 2018 05:43:52 GMT" time="179.585" errors="0">
  <testcase name="verify_Outlook_login" time="179.585" classname="testcases.VerifyOutlook_And_Others_Account"/>
</testsuite> <!-- testcases.VerifyOutlook_And_Others_Account -->
