<?xml version="1.0" encoding="UTF-8"?>
<!-- Generated by org.testng.reporters.JUnitReportReporter -->
<testsuite hostname="user-PC" name="testcase_After_account_added.Social_after_added_Accounts" tests="1" failures="0" timestamp="11 Jun 2018 13:09:26 GMT" time="146.623" errors="0">
  <testcase name="socialsynctag" time="146.623" classname="testcase_After_account_added.Social_after_added_Accounts"/>
</testsuite> <!-- testcase_After_account_added.Social_after_added_Accounts -->
