<?xml version="1.0" encoding="UTF-8"?>
<!-- Generated by org.testng.reporters.JUnitReportReporter -->
<testsuite hostname="user-PC" name="testcase_After_account_added.Social_added_Accounts" tests="1" failures="0" timestamp="31 May 2018 11:16:14 GMT" time="409.402" errors="0">
  <testcase name="socialsynctag" time="409.402" classname="testcase_After_account_added.Social_added_Accounts"/>
</testsuite> <!-- testcase_After_account_added.Social_added_Accounts -->
