<?xml version="1.0" encoding="UTF-8"?>
<!-- Generated by org.testng.reporters.JUnitReportReporter -->
<testsuite skipped="0" hostname="user-PC" name="testcase_media.Verify_Media_with_Reports" tests="7" failures="0" timestamp="26 Sep 2018 13:21:39 GMT" time="486.122" errors="0">
  <testcase name="verify_Media_account" time="52.854" classname="testcase_media.Verify_Media_with_Reports"/>
  <testcase name="Moving_Media_module" time="49.338" classname="testcase_media.Verify_Media_with_Reports"/>
  <testcase name="add_youtube_account" time="53.497" classname="testcase_media.Verify_Media_with_Reports"/>
  <testcase name="add_dailymotions_account" time="31.245" classname="testcase_media.Verify_Media_with_Reports"/>
  <testcase name="add_vime0_account" time="44.991" classname="testcase_media.Verify_Media_with_Reports"/>
  <testcase name="UserfeedsFeeds_account" time="145.163" classname="testcase_media.Verify_Media_with_Reports"/>
  <testcase name="Favourite_Feeds" time="109.034" classname="testcase_media.Verify_Media_with_Reports"/>
</testsuite> <!-- testcase_media.Verify_Media_with_Reports -->
