<?xml version="1.0" encoding="UTF-8"?>
<!-- Generated by org.testng.reporters.JUnitReportReporter -->
<testsuite skipped="0" hostname="user-PC" name="testcase_media.Verify_Media_with_Reports" tests="7" failures="0" timestamp="28 Sep 2018 07:30:26 GMT" time="434.238" errors="0">
  <testcase name="verify_Media_account" time="27.686" classname="testcase_media.Verify_Media_with_Reports"/>
  <testcase name="Moving_Media_module" time="43.015" classname="testcase_media.Verify_Media_with_Reports"/>
  <testcase name="add_youtube_account" time="51.817" classname="testcase_media.Verify_Media_with_Reports"/>
  <testcase name="add_dailymotions_account" time="23.374" classname="testcase_media.Verify_Media_with_Reports"/>
  <testcase name="add_vime0_account" time="36.324" classname="testcase_media.Verify_Media_with_Reports"/>
  <testcase name="UserHomeFeeds_account" time="117.745" classname="testcase_media.Verify_Media_with_Reports"/>
  <testcase name="Favourite_Feeds" time="134.277" classname="testcase_media.Verify_Media_with_Reports"/>
</testsuite> <!-- testcase_media.Verify_Media_with_Reports -->
