<?xml version="1.0" encoding="UTF-8"?>
<!-- Generated by org.testng.reporters.JUnitReportReporter -->
<testsuite hostname="user-PC" name="testcase_social.Social_addaccoounts" tests="1" failures="0" timestamp="25 Apr 2018 11:50:14 GMT" time="194.178" errors="0">
  <testcase name="socialsynctag" time="194.178" classname="testcase_social.Social_addaccoounts"/>
</testsuite> <!-- testcase_social.Social_addaccoounts -->
