<?xml version="1.0" encoding="UTF-8"?>
<!-- Generated by org.testng.reporters.JUnitReportReporter -->
<testsuite skipped="0" hostname="user-PC" name="testcase_After_account_added.Social_after_added_Accounts" tests="2" failures="0" timestamp="16 Aug 2018 14:35:19 GMT" time="133.865" errors="0">
  <testcase name="logintosynctag" time="26.430" classname="testcase_After_account_added.Social_after_added_Accounts"/>
  <testcase name="xlporer" time="107.435" classname="testcase_After_account_added.Social_after_added_Accounts"/>
</testsuite> <!-- testcase_After_account_added.Social_after_added_Accounts -->
