<?xml version="1.0" encoding="UTF-8"?>
<!-- Generated by org.testng.reporters.JUnitReportReporter -->
<testsuite skipped="0" hostname="user-PC" name="testcase_After_account_added.Social_after_added_Accounts" tests="1" failures="0" timestamp="24 Sep 2018 13:39:15 GMT" time="28.135" errors="0">
  <testcase name="logintosynctag" time="28.135" classname="testcase_After_account_added.Social_after_added_Accounts"/>
</testsuite> <!-- testcase_After_account_added.Social_after_added_Accounts -->
