<?xml version="1.0" encoding="UTF-8"?>
<!-- Generated by org.testng.reporters.JUnitReportReporter -->
<testsuite hostname="user-PC" name="module_combine.Social_addaccoounts" tests="1" failures="0" timestamp="27 Apr 2018 09:35:12 GMT" time="193.138" errors="0">
  <testcase name="socialsynctag" time="193.138" classname="module_combine.Social_addaccoounts"/>
</testsuite> <!-- module_combine.Social_addaccoounts -->
