<?xml version="1.0" encoding="UTF-8"?>
<!-- Generated by org.testng.reporters.JUnitReportReporter -->
<testsuite hostname="user-PC" name="testcases.VerifyLoginpage" tests="1" failures="0" timestamp="5 Feb 2018 11:25:53 GMT" time="40.840" errors="0">
  <testcase name="verifylogin" time="40.840" classname="testcases.VerifyLoginpage"/>
</testsuite> <!-- testcases.VerifyLoginpage -->
