<?xml version="1.0" encoding="UTF-8"?>
<!-- Generated by org.testng.reporters.JUnitReportReporter -->
<testsuite hostname="user-PC" name="testcase_media.Verify_Media_with_Reports" tests="1" failures="0" timestamp="25 Apr 2018 11:46:22 GMT" time="200.449" errors="0">
  <testcase name="verify_Media_account" time="200.449" classname="testcase_media.Verify_Media_with_Reports"/>
</testsuite> <!-- testcase_media.Verify_Media_with_Reports -->
